app/build/outputs/logs/manifest-merger-debug-report.txt
-- Merging decision tree log ---
manifest
ADDED from src/main/AndroidManifest.xml:2:1-42:12
	package
		ADDED from src/main/AndroidManifest.xml:3:5-24
		INJECTED from src/main/AndroidManifest.xml
		INJECTED from src/main/AndroidManifest.xml
	android:versionName
		INJECTED from src/main/AndroidManifest.xml
		INJECTED from src/main/AndroidManifest.xml
	xmlns:android
		ADDED from src/main/AndroidManifest.xml:2:11-69
	android:versionCode
		INJECTED from src/main/AndroidManifest.xml
		INJECTED from src/main/AndroidManifest.xml
uses-permission#android.permission.INTERNET
ADDED from src/main/AndroidManifest.xml:5:5-67
MERGED from [com.taobao.android:alisdk-hotfix:1.4.0] AndroidManifest.xml:11:5-67
	android:name
		ADDED from src/main/AndroidManifest.xml:5:22-64
uses-permission#android.permission.ACCESS_NETWORK_STATE
ADDED from src/main/AndroidManifest.xml:6:5-79
MERGED from [com.taobao.android:alisdk-hotfix:1.4.0] AndroidManifest.xml:12:5-79
	android:name
		ADDED from src/main/AndroidManifest.xml:6:22-76
uses-permission#android.permission.ACCESS_WIFI_STATE
ADDED from src/main/AndroidManifest.xml:7:5-76
MERGED from [com.taobao.android:alisdk-hotfix:1.4.0] AndroidManifest.xml:13:5-76
	android:name
		ADDED from src/main/AndroidManifest.xml:7:22-73
uses-permission#android.permission.READ_EXTERNAL_STORAGE
ADDED from src/main/AndroidManifest.xml:8:5-80
MERGED from [com.taobao.android:alisdk-hotfix:1.4.0] AndroidManifest.xml:14:5-80
	android:name
		ADDED from src/main/AndroidManifest.xml:8:22-77
uses-permission#android.permission.WRITE_EXTERNAL_STORAGE
ADDED from src/main/AndroidManifest.xml:9:5-81
	android:name
		ADDED from src/main/AndroidManifest.xml:9:22-78
application
ADDED from src/main/AndroidManifest.xml:11:5-40:19
MERGED from [com.android.support:palette-v7:25.1.0] AndroidManifest.xml:22:5-23:19
MERGED from [com.android.support:support-compat:25.1.0] AndroidManifest.xml:25:5-20
MERGED from [com.android.support:support-core-utils:25.1.0] AndroidManifest.xml:25:5-20
MERGED from [com.android.support:design:25.1.0] AndroidManifest.xml:25:5-20
MERGED from [com.android.support:support-v4:25.1.0] AndroidManifest.xml:25:5-20
MERGED from [com.android.support:support-media-compat:25.1.0] AndroidManifest.xml:25:5-20
MERGED from [com.android.support:support-core-ui:25.1.0] AndroidManifest.xml:25:5-20
MERGED from [com.android.support:support-fragment:25.1.0] AndroidManifest.xml:25:5-20
MERGED from [com.android.support:appcompat-v7:25.1.0] AndroidManifest.xml:25:5-20
MERGED from [com.android.support:support-vector-drawable:25.1.0] AndroidManifest.xml:23:5-20
MERGED from [com.android.support:animated-vector-drawable:25.1.0] AndroidManifest.xml:22:5-20
MERGED from [com.android.support:transition:25.1.0] AndroidManifest.xml:22:5-20
MERGED from [com.taobao.android:alisdk-hotfix:1.4.0] AndroidManifest.xml:16:5-27:19
	android:label
		ADDED from src/main/AndroidManifest.xml:15:9-41
	android:supportsRtl
		ADDED from src/main/AndroidManifest.xml:16:9-35
	android:allowBackup
		ADDED from src/main/AndroidManifest.xml:13:9-35
	android:icon
		ADDED from src/main/AndroidManifest.xml:14:9-43
	android:theme
		ADDED from src/main/AndroidManifest.xml:17:9-52
	android:name
		ADDED from src/main/AndroidManifest.xml:12:9-28
meta-data#com.taobao.android.hotfix.APPSECRET
ADDED from src/main/AndroidManifest.xml:18:9-20:64
	android:value
		ADDED from src/main/AndroidManifest.xml:20:13-61
	android:name
		ADDED from src/main/AndroidManifest.xml:19:13-63
meta-data#com.taobao.android.hotfix.RSASECRET
ADDED from src/main/AndroidManifest.xml:21:9-23:1656
	android:value
		ADDED from src/main/AndroidManifest.xml:23:13-1653
	android:name
		ADDED from src/main/AndroidManifest.xml:22:13-63
activity#com.sleep.ui.MainActivity
ADDED from src/main/AndroidManifest.xml:25:9-34:20
	android:screenOrientation
		ADDED from src/main/AndroidManifest.xml:28:13-49
	android:label
		ADDED from src/main/AndroidManifest.xml:27:13-45
	android:name
		ADDED from src/main/AndroidManifest.xml:26:13-44
intent-filter#android.intent.action.MAIN+android.intent.category.LAUNCHER
ADDED from src/main/AndroidManifest.xml:29:13-33:29
action#android.intent.action.MAIN
ADDED from src/main/AndroidManifest.xml:30:17-69
	android:name
		ADDED from src/main/AndroidManifest.xml:30:25-66
category#android.intent.category.LAUNCHER
ADDED from src/main/AndroidManifest.xml:32:17-77
	android:name
		ADDED from src/main/AndroidManifest.xml:32:27-74
activity#com.sleep.ui.AboutActivity
ADDED from src/main/AndroidManifest.xml:35:9-38:52
	android:screenOrientation
		ADDED from src/main/AndroidManifest.xml:38:13-49
	android:label
		ADDED from src/main/AndroidManifest.xml:37:13-31
	android:name
		ADDED from src/main/AndroidManifest.xml:36:13-45
uses-sdk
INJECTED from src/main/AndroidManifest.xml reason: use-sdk injection requested
MERGED from [com.android.support:palette-v7:25.1.0] AndroidManifest.xml:20:5-43
MERGED from [com.android.support:support-compat:25.1.0] AndroidManifest.xml:21:5-23:58
MERGED from [com.android.support:support-core-utils:25.1.0] AndroidManifest.xml:21:5-23:61
MERGED from [com.android.support:design:25.1.0] AndroidManifest.xml:21:5-23:62
MERGED from [com.android.support:support-v4:25.1.0] AndroidManifest.xml:21:5-23:54
MERGED from [com.android.support:support-media-compat:25.1.0] AndroidManifest.xml:21:5-23:63
MERGED from [com.android.support:support-core-ui:25.1.0] AndroidManifest.xml:21:5-23:58
MERGED from [com.android.support:support-fragment:25.1.0] AndroidManifest.xml:21:5-23:60
MERGED from [com.android.support:appcompat-v7:25.1.0] AndroidManifest.xml:21:5-23:78
MERGED from [com.android.support:support-vector-drawable:25.1.0] AndroidManifest.xml:21:5-43
MERGED from [com.android.support:animated-vector-drawable:25.1.0] AndroidManifest.xml:20:5-44
MERGED from [com.android.support:recyclerview-v7:25.1.0] AndroidManifest.xml:20:5-43
MERGED from [com.android.support:transition:25.1.0] AndroidManifest.xml:20:5-44
MERGED from [com.taobao.android:alisdk-hotfix:1.4.0] AndroidManifest.xml:7:5-9:41
MERGED from [com.android.databinding:adapters:1.2.1] AndroidManifest.xml:22:5-24:41
MERGED from [com.android.databinding:library:1.2.1] AndroidManifest.xml:22:5-24:41
	tools:overrideLibrary
		ADDED from [com.android.support:support-compat:25.1.0] AndroidManifest.xml:23:9-55
	android:targetSdkVersion
		INJECTED from src/main/AndroidManifest.xml
		INJECTED from src/main/AndroidManifest.xml
	android:minSdkVersion
		INJECTED from src/main/AndroidManifest.xml
		INJECTED from src/main/AndroidManifest.xml
service#com.taobao.hotfix.aidl.DownloadService
ADDED from [com.taobao.android:alisdk-hotfix:1.4.0] AndroidManifest.xml:17:9-25:19
	android:exported
		ADDED from [com.taobao.android:alisdk-hotfix:1.4.0] AndroidManifest.xml:19:13-36
	android:name
		ADDED from [com.taobao.android:alisdk-hotfix:1.4.0] AndroidManifest.xml:18:13-66
intent-filter#android.intent.category.DEFAULT+com.taobao.hotfix.action
ADDED from [com.taobao.android:alisdk-hotfix:1.4.0] AndroidManifest.xml:20:13-24:29
action#com.taobao.hotfix.action
ADDED from [com.taobao.android:alisdk-hotfix:1.4.0] AndroidManifest.xml:21:17-67
	android:name
		ADDED from [com.taobao.android:alisdk-hotfix:1.4.0] AndroidManifest.xml:21:25-64
category#android.intent.category.DEFAULT
ADDED from [com.taobao.android:alisdk-hotfix:1.4.0] AndroidManifest.xml:23:17-76
	android:name
		ADDED from [com.taobao.android:alisdk-hotfix:1.4.0] AndroidManifest.xml:23:27-73
service#com.alibaba.mtl.appmonitor.AppMonitorService
ADDED from [com.taobao.android:alisdk-hotfix:1.4.0] AndroidManifest.xml:26:9-80
	android:name
		ADDED from [com.taobao.android:alisdk-hotfix:1.4.0] AndroidManifest.xml:26:18-77